<?xml version="1.0" encoding="UTF-8"?>
<testng-results skipped="2" failed="0" ignored="0" total="2" passed="0">
  <reporter-output>
  </reporter-output>
  <suite name="Suite" duration-ms="1366" started-at="2018-07-13T10:54:18Z" finished-at="2018-07-13T10:54:19Z">
    <groups>
      <group name="regression">
        <method signature="EditLeadUsingSeMethods.editLead()[pri:0, instance:week3.day1.EditLeadUsingSeMethods@1ee2fdb]" name="editLead" class="week3.day1.EditLeadUsingSeMethods"/>
      </group> <!-- regression -->
      <group name="smoke">
        <method signature="CreateLead.createLead(java.lang.String, java.lang.String, java.lang.String, java.lang.String)[pri:0, instance:week3.day1.CreateLead@1c12c7a]" name="createLead" class="week3.day1.CreateLead"/>
      </group> <!-- smoke -->
    </groups>
    <test name="Test" duration-ms="1366" started-at="2018-07-13T10:54:18Z" finished-at="2018-07-13T10:54:19Z">
      <class name="week3.day1.CreateLead">
        <test-method status="SKIP" signature="createLead(java.lang.String, java.lang.String, java.lang.String, java.lang.String)[pri:0, instance:week3.day1.CreateLead@1c12c7a]" name="createLead" duration-ms="0" started-at="2018-07-13T10:54:19Z" data-provider="fetchData" finished-at="2018-07-13T10:54:19Z">
          <exception class="java.lang.RuntimeException">
            <message>
              <![CDATA[java.lang.NullPointerException]]>
            </message>
            <full-stacktrace>
              <![CDATA[java.lang.RuntimeException: java.lang.NullPointerException
at org.testng.internal.MethodInvocationHelper.invokeMethodNoCheckedException(MethodInvocationHelper.java:49)
at org.testng.internal.MethodInvocationHelper.invokeDataProvider(MethodInvocationHelper.java:131)
at org.testng.internal.Parameters.handleParameters(Parameters.java:706)
at org.testng.internal.ParameterHandler.handleParameters(ParameterHandler.java:49)
at org.testng.internal.ParameterHandler.createParameters(ParameterHandler.java:37)
at org.testng.internal.Invoker.invokeTestMethods(Invoker.java:923)
at org.testng.internal.TestMethodWorker.invokeTestMethods(TestMethodWorker.java:125)
at org.testng.internal.TestMethodWorker.run(TestMethodWorker.java:109)
at java.util.concurrent.ThreadPoolExecutor.runWorker(ThreadPoolExecutor.java:1142)
at java.util.concurrent.ThreadPoolExecutor$Worker.run(ThreadPoolExecutor.java:617)
at java.lang.Thread.run(Thread.java:744)
Caused by: java.lang.NullPointerException
at week6.day1.LearningExcelDataProvider.readExcel(LearningExcelDataProvider.java:52)
at week4.day1.LoginMethods.getData(LoginMethods.java:38)
at sun.reflect.NativeMethodAccessorImpl.invoke0(Native Method)
at sun.reflect.NativeMethodAccessorImpl.invoke(NativeMethodAccessorImpl.java:62)
at sun.reflect.DelegatingMethodAccessorImpl.invoke(DelegatingMethodAccessorImpl.java:43)
at java.lang.reflect.Method.invoke(Method.java:483)
at org.testng.internal.MethodInvocationHelper.invokeMethod(MethodInvocationHelper.java:124)
at org.testng.internal.MethodInvocationHelper.invokeMethod(MethodInvocationHelper.java:74)
at org.testng.internal.MethodInvocationHelper.invokeMethodNoCheckedException(MethodInvocationHelper.java:45)
... 10 more
]]>
            </full-stacktrace>
          </exception> <!-- java.lang.RuntimeException -->
          <reporter-output>
          </reporter-output>
        </test-method> <!-- createLead -->
      </class> <!-- week3.day1.CreateLead -->
      <class name="week3.day1.EditLeadUsingSeMethods">
        <test-method status="SKIP" signature="editLead()[pri:0, instance:week3.day1.EditLeadUsingSeMethods@1ee2fdb]" name="editLead" duration-ms="0" depends-on-groups="smoke" started-at="2018-07-13T10:54:19Z" finished-at="2018-07-13T10:54:19Z">
          <exception class="java.lang.Throwable">
            <message>
              <![CDATA[Method EditLeadUsingSeMethods.editLead()[pri:0, instance:week3.day1.EditLeadUsingSeMethods@1ee2fdb] depends on not successfully finished methods in group "smoke"]]>
            </message>
            <full-stacktrace>
              <![CDATA[java.lang.Throwable: Method EditLeadUsingSeMethods.editLead()[pri:0, instance:week3.day1.EditLeadUsingSeMethods@1ee2fdb] depends on not successfully finished methods in group "smoke"
at org.testng.internal.Invoker.invokeTestMethods(Invoker.java:887)
at org.testng.internal.TestMethodWorker.invokeTestMethods(TestMethodWorker.java:125)
at org.testng.internal.TestMethodWorker.run(TestMethodWorker.java:109)
at java.util.concurrent.ThreadPoolExecutor.runWorker(ThreadPoolExecutor.java:1142)
at java.util.concurrent.ThreadPoolExecutor$Worker.run(ThreadPoolExecutor.java:617)
at java.lang.Thread.run(Thread.java:744)
]]>
            </full-stacktrace>
          </exception> <!-- java.lang.Throwable -->
          <reporter-output>
          </reporter-output>
        </test-method> <!-- editLead -->
      </class> <!-- week3.day1.EditLeadUsingSeMethods -->
    </test> <!-- Test -->
  </suite> <!-- Suite -->
</testng-results>
