<?xml version="1.0" encoding="UTF-8"?>
<!-- Generated by org.testng.reporters.JUnitXMLReporter -->
<testsuite hostname="LAPTOP-ETNEDSVH" ignored="0" name="Test" tests="2" failures="0" timestamp="13 Jul 2018 10:54:19 GMT" time="1.366" errors="0">
  <testcase name="createLead" time="0.0" classname="week3.day1.CreateLead">
    <skipped/>
  </testcase> <!-- createLead -->
  <testcase name="editLead" time="0.0" classname="week3.day1.EditLeadUsingSeMethods">
    <skipped/>
  </testcase> <!-- editLead -->
</testsuite> <!-- Test -->
