<?xml version="1.0" encoding="UTF-8"?>
<!-- Generated by org.testng.reporters.JUnitXMLReporter -->
<testsuite hostname="LAPTOP-ETNEDSVH" ignored="1" name="TestParallel" tests="5" failures="1" timestamp="31 Mar 2018 19:08:29 GMT" time="87.829" errors="0">
  <testcase name="createLead" time="27.637" classname="week3.day1.CreateLead"/>
  <testcase name="mergeLead" time="43.624" classname="week3.day1.MergeLeadUsingSeMethods">
    <failure type="org.testng.internal.thread.ThreadTimeoutException" message="Method week3.day1.MergeLeadUsingSeMethods.mergeLead() didn&amp;apos;t finish within the time-out 20000">
      <![CDATA[org.testng.internal.thread.ThreadTimeoutException: Method week3.day1.MergeLeadUsingSeMethods.mergeLead() didn't finish within the time-out 20000
at java.util.concurrent.ThreadPoolExecutor.runWorker(Unknown Source)
at java.util.concurrent.ThreadPoolExecutor$Worker.run(Unknown Source)
at java.lang.Thread.run(Unknown Source)
... Removed 7 stack frames]]>
    </failure>
  </testcase> <!-- mergeLead -->
  <testcase name="createLead" time="24.261" classname="week3.day1.CreateLead"/>
  <testcase name="editLead" time="32.246" classname="week3.day1.EditLeadUsingSeMethods"/>
  <testcase name="deleteLead" time="35.841" classname="week3.day1.DeleteLeadUsingSeMethods"/>
  <testcase name="duplicateLead" time="0.0" classname="week3.day1.DuplicateLeadUsingSeMethods">
    <ignored/>
  </testcase> <!-- duplicateLead -->
</testsuite> <!-- TestParallel -->
